#! /usr/local/bin/vvp
:ivl_version "13.0 (devel)" "(s20221226-515-g35f344adf)";
:ivl_delay_selection "TYPICAL";
:vpi_time_precision + 0;
:vpi_module "/usr/local/lib/ivl/system.vpi";
:vpi_module "/usr/local/lib/ivl/vhdl_sys.vpi";
:vpi_module "/usr/local/lib/ivl/vhdl_textio.vpi";
:vpi_module "/usr/local/lib/ivl/v2005_math.vpi";
:vpi_module "/usr/local/lib/ivl/va_math.vpi";
S_0x155608640 .scope module, "half_adder" "half_adder" 2 1;
 .timescale 0 0;
    .port_info 0 /INPUT 1 "a";
    .port_info 1 /INPUT 1 "b";
    .port_info 2 /OUTPUT 1 "s";
    .port_info 3 /OUTPUT 1 "Cout";
o0x148008068 .functor BUFZ 1, c4<z>; HiZ drive
o0x148008098 .functor BUFZ 1, c4<z>; HiZ drive
L_0x1556186b0 .functor XOR 1, o0x148008068, o0x148008098, C4<0>, C4<0>;
L_0x155618780 .functor AND 1, o0x148008068, o0x148008098, C4<1>, C4<1>;
v0x1556080d0_0 .net "Cout", 0 0, L_0x155618780;  1 drivers
v0x1556183c0_0 .net "S", 0 0, L_0x1556186b0;  1 drivers
v0x155618460_0 .net "a", 0 0, o0x148008068;  0 drivers
v0x1556184f0_0 .net "b", 0 0, o0x148008098;  0 drivers
o0x1480080c8 .functor BUFZ 1, c4<z>; HiZ drive
v0x155618590_0 .net "s", 0 0, o0x1480080c8;  0 drivers
# The file index is used to find the file name in the following table.
:file_names 3;
    "N/A";
    "<interactive>";
    "main.v";
