This is pdfTeX, Version 3.141592653-2.6-1.40.24 (MiKTeX 22.1) (preloaded format=pdflatex 2023.11.23)  29 NOV 2023 16:51
entering extended mode
 restricted \write18 enabled.
 file:line:error style messages enabled.
 %&-line parsing enabled.
**"/Users/emonchowdhury/Library/CloudStorage/GoogleDrive-emonahamed789@gmail.com/My Drive/Codes/ VS Code/LATEX/2200/LE1_2003001_Q3b.tex"
(/Users/emonchowdhury/Library/CloudStorage/GoogleDrive-emonahamed789@gmail.com/My Drive/Codes/ VS Code/LATEX/2200/LE1_2003001_Q3b.tex
LaTeX2e <2023-11-01>
L3 programming layer <2023-11-09>
(/Library/Application Support/MiKTeX/texmfs/install/tex/latex/base/report.cls
Document Class: report 2023/05/17 v1.4n Standard LaTeX document class
(/Library/Application Support/MiKTeX/texmfs/install/tex/latex/base/size11.clo
File: size11.clo 2023/05/17 v1.4n Standard LaTeX file (size option)
)
\c@part=\count186
\c@chapter=\count187
\c@section=\count188
\c@subsection=\count189
\c@subsubsection=\count190
\c@paragraph=\count191
\c@subparagraph=\count192
\c@figure=\count193
\c@table=\count194
\abovecaptionskip=\skip48
\belowcaptionskip=\skip49
\bibindent=\dimen140
) (/Users/emonchowdhury/Library/Application Support/MiKTeX/texmfs/install/tex/latex/ulem/ulem.sty
\UL@box=\box51
\UL@hyphenbox=\box52
\UL@skip=\skip50
\UL@hook=\toks17
\UL@height=\dimen141
\UL@pe=\count195
\UL@pixel=\dimen142
\ULC@box=\box53
Package: ulem 2019/11/18
\ULdepth=\dimen143
) (/Library/Application Support/MiKTeX/texmfs/install/tex/latex/l3backend/l3backend-pdftex.def
File: l3backend-pdftex.def 2023-11-09 L3 backend support: PDF output (pdfTeX)
\l__color_backend_stack_int=\count196
\l__pdf_internal_box=\box54
) (LE1_2003001_Q3b.aux)
\openout1 = `LE1_2003001_Q3b.aux'.

LaTeX Font Info:    Checking defaults for OML/cmm/m/it on input line 6.
LaTeX Font Info:    ... okay on input line 6.
LaTeX Font Info:    Checking defaults for OMS/cmsy/m/n on input line 6.
LaTeX Font Info:    ... okay on input line 6.
LaTeX Font Info:    Checking defaults for OT1/cmr/m/n on input line 6.
LaTeX Font Info:    ... okay on input line 6.
LaTeX Font Info:    Checking defaults for T1/cmr/m/n on input line 6.
LaTeX Font Info:    ... okay on input line 6.
LaTeX Font Info:    Checking defaults for TS1/cmr/m/n on input line 6.
LaTeX Font Info:    ... okay on input line 6.
LaTeX Font Info:    Checking defaults for OMX/cmex/m/n on input line 6.
LaTeX Font Info:    ... okay on input line 6.
LaTeX Font Info:    Checking defaults for U/cmr/m/n on input line 6.
LaTeX Font Info:    ... okay on input line 6.

Chapter 1.

Underfull \hbox (badness 5417) in paragraph at lines 11--18
\OT1/cmr/bx/n/10.95 elit ut ali-quam pu-rus:
 []


Underfull \hbox (badness 10000) in paragraph at lines 19--21
[]\OT1/cmr/m/n/10.95 Tristique senec-tus et
 []


Underfull \hbox (badness 5147) in paragraph at lines 19--21
\OT1/cmr/m/n/10.95 ne-tus: et male-sua-da
 []


Underfull \hbox (badness 2088) in paragraph at lines 19--21
\OT1/cmr/m/n/10.95 a i-a-c-ulis at er-at pel-
 []


Underfull \hbox (badness 10000) in paragraph at lines 19--21
\OT1/cmr/m/n/10.95 len-tesque adip-isc-ing
 []


Underfull \hbox (badness 5302) in paragraph at lines 22--23
[]\OT1/cmr/m/n/10.95 Ac auc-tor au-gue
 []


Underfull \hbox (badness 10000) in paragraph at lines 22--23
\OT1/cmr/m/n/10.95 mau-ris au-gue
 []


Underfull \hbox (badness 10000) in paragraph at lines 22--23
\OT1/cmr/m/n/10.95 neque gravi-da.
 []


Underfull \hbox (badness 10000) in paragraph at lines 22--23
\OT1/cmr/m/n/10.95 Nul-lam ve-hic-u-
 []


Underfull \hbox (badness 3679) in paragraph at lines 22--23
\OT1/cmr/m/n/10.95 la ip-sum a ar-cu
 []


Underfull \hbox (badness 10000) in paragraph at lines 28--34
\OT1/cmr/m/n/10.95 rhon-cus ur-na non port-ti-
 []


Underfull \hbox (badness 4556) in paragraph at lines 28--34
|   []\OT1/cmr/m/n/10.95 .Lorem ip-sum do-lor sit
 []


Underfull \hbox (badness 10000) in paragraph at lines 28--34

 []

[1

{/Users/emonchowdhury/Library/Application Support/MiKTeX/texmfs/data/fonts/map/pdftex/pdftex.map}]
Overfull \vbox (286.82921pt too high) has occurred while \output is active []

 [2

]
Chapter 2.

Underfull \hbox (badness 5417) in paragraph at lines 46--53
\OT1/cmr/bx/n/10.95 elit ut ali-quam pu-rus:
 []


Underfull \hbox (badness 10000) in paragraph at lines 54--56
[]\OT1/cmr/m/n/10.95 Tristique senec-tus et
 []


Underfull \hbox (badness 5147) in paragraph at lines 54--56
\OT1/cmr/m/n/10.95 ne-tus: et male-sua-da
 []


Underfull \hbox (badness 2088) in paragraph at lines 54--56
\OT1/cmr/m/n/10.95 a i-a-c-ulis at er-at pel-
 []


Underfull \hbox (badness 10000) in paragraph at lines 54--56
\OT1/cmr/m/n/10.95 len-tesque adip-isc-ing
 []


Underfull \hbox (badness 5302) in paragraph at lines 57--58
[]\OT1/cmr/m/n/10.95 Ac auc-tor au-gue
 []


Underfull \hbox (badness 10000) in paragraph at lines 57--58
\OT1/cmr/m/n/10.95 mau-ris au-gue
 []


Underfull \hbox (badness 10000) in paragraph at lines 57--58
\OT1/cmr/m/n/10.95 neque gravi-da.
 []


Underfull \hbox (badness 10000) in paragraph at lines 57--58
\OT1/cmr/m/n/10.95 Nul-lam ve-hic-u-
 []


Underfull \hbox (badness 3679) in paragraph at lines 57--58
\OT1/cmr/m/n/10.95 la ip-sum a ar-cu
 []


Underfull \hbox (badness 10000) in paragraph at lines 63--69
\OT1/cmr/m/n/10.95 rhon-cus ur-na non port-ti-
 []


Underfull \hbox (badness 4556) in paragraph at lines 63--69
|   []\OT1/cmr/m/n/10.95 .Lorem ip-sum do-lor sit
 []


Underfull \hbox (badness 10000) in paragraph at lines 63--69

 []


Overfull \vbox (286.82921pt too high) has occurred while \output is active []

 [3

] (LE1_2003001_Q3b.aux)
 ***********
LaTeX2e <2023-11-01>
L3 programming layer <2023-11-09>
 ***********
 ) 
Here is how much of TeX's memory you used:
 558 strings out of 476503
 10773 string characters out of 5795755
 1931555 words of memory out of 5000000
 22571 multiletter control sequences out of 15000+600000
 560344 words of font info for 44 fonts, out of 8000000 for 9000
 14 hyphenation exceptions out of 8191
 35i,6n,50p,409b,230s stack positions out of 10000i,1000n,20000p,200000b,200000s
 </Users/emonchowdhury/Library/Application Support/MiKTeX/texmfs/data/fonts/pk/ljfour/jknappen/ec/dpi600/tcrm1095.pk></Library/Application Support/MiKTeX/texmfs/install/fonts/type1/public/amsfonts/cm/cmbx10.pfb></Library/Application Support/MiKTeX/texmfs/install/fonts/type1/public/amsfonts/cm/cmbx12.pfb></Library/Application Support/MiKTeX/texmfs/install/fonts/type1/public/amsfonts/cm/cmr10.pfb>
Output written on LE1_2003001_Q3b.pdf (3 pages, 47901 bytes).
PDF statistics:
 32 PDF objects out of 1000 (max. 8388607)
 0 named destinations out of 1000 (max. 500000)
 1 words of extra memory for PDF output out of 10000 (max. 10000000)

