#! /usr/local/bin/vvp
:ivl_version "13.0 (devel)" "(s20221226-515-g35f344adf)";
:ivl_delay_selection "TYPICAL";
:vpi_time_precision + 0;
:vpi_module "/usr/local/lib/ivl/system.vpi";
:vpi_module "/usr/local/lib/ivl/vhdl_sys.vpi";
:vpi_module "/usr/local/lib/ivl/vhdl_textio.vpi";
:vpi_module "/usr/local/lib/ivl/v2005_math.vpi";
:vpi_module "/usr/local/lib/ivl/va_math.vpi";
S_0x140615760 .scope module, "decoder_2to4_with_enable_tb" "decoder_2to4_with_enable_tb" 2 1;
 .timescale 0 0;
v0x140625860_0 .var "A", 0 0;
v0x140625920_0 .var "B", 0 0;
v0x1406259b0_0 .var "E", 0 0;
v0x140625a60_0 .net "Y0", 0 0, L_0x140625fd0;  1 drivers
v0x140625b10_0 .net "Y1", 0 0, L_0x140626250;  1 drivers
v0x140625be0_0 .net "Y2", 0 0, L_0x140626630;  1 drivers
v0x140625c90_0 .net "Y3", 0 0, L_0x140626770;  1 drivers
S_0x1406158f0 .scope module, "uut" "decoder_2to4_with_enable" 2 6, 3 1 0, S_0x140615760;
 .timescale 0 0;
    .port_info 0 /INPUT 1 "E";
    .port_info 1 /INPUT 1 "A";
    .port_info 2 /INPUT 1 "B";
    .port_info 3 /OUTPUT 1 "Y0";
    .port_info 4 /OUTPUT 1 "Y1";
    .port_info 5 /OUTPUT 1 "Y2";
    .port_info 6 /OUTPUT 1 "Y3";
L_0x140625d40 .functor NOT 1, v0x140625860_0, C4<0>, C4<0>, C4<0>;
L_0x140625e10 .functor AND 1, v0x1406259b0_0, L_0x140625d40, C4<1>, C4<1>;
L_0x140625f20 .functor NOT 1, v0x140625920_0, C4<0>, C4<0>, C4<0>;
L_0x140625fd0 .functor AND 1, L_0x140625e10, L_0x140625f20, C4<1>, C4<1>;
L_0x140626100 .functor NOT 1, v0x140625860_0, C4<0>, C4<0>, C4<0>;
L_0x1406261a0 .functor AND 1, v0x1406259b0_0, L_0x140626100, C4<1>, C4<1>;
L_0x140626250 .functor AND 1, L_0x1406261a0, v0x140625920_0, C4<1>, C4<1>;
L_0x140626380 .functor AND 1, v0x1406259b0_0, v0x140625860_0, C4<1>, C4<1>;
L_0x1406264f0 .functor NOT 1, v0x140625920_0, C4<0>, C4<0>, C4<0>;
L_0x140626630 .functor AND 1, L_0x140626380, L_0x1406264f0, C4<1>, C4<1>;
L_0x1406266a0 .functor AND 1, v0x1406259b0_0, v0x140625860_0, C4<1>, C4<1>;
L_0x140626770 .functor AND 1, L_0x1406266a0, v0x140625920_0, C4<1>, C4<1>;
v0x140611320_0 .net "A", 0 0, v0x140625860_0;  1 drivers
v0x140624e20_0 .net "B", 0 0, v0x140625920_0;  1 drivers
v0x140624ec0_0 .net "E", 0 0, v0x1406259b0_0;  1 drivers
v0x140624f50_0 .net "Y0", 0 0, L_0x140625fd0;  alias, 1 drivers
v0x140624ff0_0 .net "Y1", 0 0, L_0x140626250;  alias, 1 drivers
v0x1406250d0_0 .net "Y2", 0 0, L_0x140626630;  alias, 1 drivers
v0x140625170_0 .net "Y3", 0 0, L_0x140626770;  alias, 1 drivers
v0x140625210_0 .net *"_ivl_0", 0 0, L_0x140625d40;  1 drivers
v0x1406252c0_0 .net *"_ivl_10", 0 0, L_0x1406261a0;  1 drivers
v0x1406253d0_0 .net *"_ivl_14", 0 0, L_0x140626380;  1 drivers
v0x140625480_0 .net *"_ivl_16", 0 0, L_0x1406264f0;  1 drivers
v0x140625530_0 .net *"_ivl_2", 0 0, L_0x140625e10;  1 drivers
v0x1406255e0_0 .net *"_ivl_20", 0 0, L_0x1406266a0;  1 drivers
v0x140625690_0 .net *"_ivl_4", 0 0, L_0x140625f20;  1 drivers
v0x140625740_0 .net *"_ivl_8", 0 0, L_0x140626100;  1 drivers
    .scope S_0x140615760;
T_0 ;
    %vpi_call 2 17 "$dumpfile", "Decoder_2_to_4_with_Enable_tb.vcd" {0 0 0};
    %vpi_call 2 18 "$dumpvars", 32'sb00000000000000000000000000000000, S_0x140615760 {0 0 0};
    %delay 20, 0;
    %pushi/vec4 0, 0, 1;
    %store/vec4 v0x1406259b0_0, 0, 1;
    %pushi/vec4 0, 0, 1;
    %store/vec4 v0x140625860_0, 0, 1;
    %pushi/vec4 0, 0, 1;
    %store/vec4 v0x140625920_0, 0, 1;
    %delay 10, 0;
    %delay 20, 0;
    %pushi/vec4 0, 0, 1;
    %store/vec4 v0x1406259b0_0, 0, 1;
    %pushi/vec4 0, 0, 1;
    %store/vec4 v0x140625860_0, 0, 1;
    %pushi/vec4 1, 0, 1;
    %store/vec4 v0x140625920_0, 0, 1;
    %delay 10, 0;
    %delay 20, 0;
    %pushi/vec4 0, 0, 1;
    %store/vec4 v0x1406259b0_0, 0, 1;
    %pushi/vec4 1, 0, 1;
    %store/vec4 v0x140625860_0, 0, 1;
    %pushi/vec4 0, 0, 1;
    %store/vec4 v0x140625920_0, 0, 1;
    %delay 10, 0;
    %delay 20, 0;
    %pushi/vec4 0, 0, 1;
    %store/vec4 v0x1406259b0_0, 0, 1;
    %pushi/vec4 1, 0, 1;
    %store/vec4 v0x140625860_0, 0, 1;
    %pushi/vec4 1, 0, 1;
    %store/vec4 v0x140625920_0, 0, 1;
    %delay 10, 0;
    %delay 20, 0;
    %pushi/vec4 1, 0, 1;
    %store/vec4 v0x1406259b0_0, 0, 1;
    %pushi/vec4 0, 0, 1;
    %store/vec4 v0x140625860_0, 0, 1;
    %pushi/vec4 0, 0, 1;
    %store/vec4 v0x140625920_0, 0, 1;
    %delay 10, 0;
    %delay 20, 0;
    %pushi/vec4 1, 0, 1;
    %store/vec4 v0x1406259b0_0, 0, 1;
    %pushi/vec4 0, 0, 1;
    %store/vec4 v0x140625860_0, 0, 1;
    %pushi/vec4 1, 0, 1;
    %store/vec4 v0x140625920_0, 0, 1;
    %delay 10, 0;
    %delay 20, 0;
    %pushi/vec4 1, 0, 1;
    %store/vec4 v0x1406259b0_0, 0, 1;
    %pushi/vec4 1, 0, 1;
    %store/vec4 v0x140625860_0, 0, 1;
    %pushi/vec4 0, 0, 1;
    %store/vec4 v0x140625920_0, 0, 1;
    %delay 10, 0;
    %delay 20, 0;
    %pushi/vec4 1, 0, 1;
    %store/vec4 v0x1406259b0_0, 0, 1;
    %pushi/vec4 1, 0, 1;
    %store/vec4 v0x140625860_0, 0, 1;
    %pushi/vec4 1, 0, 1;
    %store/vec4 v0x140625920_0, 0, 1;
    %delay 10, 0;
    %vpi_call 2 40 "$finish" {0 0 0};
    %end;
    .thread T_0;
    .scope S_0x140615760;
T_1 ;
    %vpi_call 2 44 "$monitor", "E = %b, A = %b, B = %b | Y0 = %b, Y1 = %b, Y2 = %b, Y3 = %b", v0x1406259b0_0, v0x140625860_0, v0x140625920_0, v0x140625a60_0, v0x140625b10_0, v0x140625be0_0, v0x140625c90_0 {0 0 0};
    %end;
    .thread T_1;
# The file index is used to find the file name in the following table.
:file_names 4;
    "N/A";
    "<interactive>";
    "Decoder_2_to_4_with_Enable_tb.v";
    "main.v";
